<?xml version="1.0" encoding="UTF-8"?>
<!-- Generated by org.testng.reporters.JUnitReportReporter -->
<testsuite hostname="DESKTOP-7OCGU5A" failures="0" tests="5" name="TestNG.DataProvider_Test" time="0.012" errors="0" timestamp="2023-09-15T15:56:00 IST" skipped="0">
  <testcase classname="TestNG.DataProvider_Test" name="getData" time="0.001"/>
  <system-out/>
  <testcase classname="TestNG.DataProvider_Test" name="getData" time="0.001"/>
  <system-out/>
  <testcase classname="TestNG.DataProvider_Test" name="getData" time="0.001"/>
  <system-out/>
  <testcase classname="TestNG.DataProvider_Test" name="getData" time="0.001"/>
  <system-out/>
  <testcase classname="TestNG.DataProvider_Test" name="getData" time="0.008"/>
  <system-out/>
</testsuite> <!-- TestNG.DataProvider_Test -->
