<?xml version="1.0" encoding="UTF-8"?>
<!-- Generated by org.testng.reporters.JUnitReportReporter -->
<testsuite hostname="DESKTOP-7OCGU5A" failures="0" tests="2" name="TestNG.Annotation_Test" time="0.005" errors="0" timestamp="2023-09-15T17:09:38 IST" skipped="0">
  <testcase classname="TestNG.Annotation_Test" name="executeTest" time="0.001"/>
  <system-out/>
  <testcase classname="TestNG.Annotation_Test" name="actual" time="0.004"/>
  <system-out/>
</testsuite> <!-- TestNG.Annotation_Test -->
